<?xml version="1.0" encoding="UTF-8"?>
<!-- Generated by org.testng.reporters.JUnitXMLReporter -->
<testsuite ignored="0" hostname="LAPTOP-FG3T3EU0" failures="0" tests="1" name="Test" time="0.061" errors="0" timestamp="2023-04-07T13:12:38 IST">
  <testcase classname="com.automation.orangehrm.login.NewLogin" name="@BeforeClass start" time="0.014">
    <failure type="java.lang.RuntimeException" message="java.io.FileNotFoundException: C:\automationmaven\target\config.properties (The system cannot find the file specified)">
      <![CDATA[java.lang.RuntimeException: java.io.FileNotFoundException: C:\automationmaven\target\config.properties (The system cannot find the file specified)
at com.autamation.utility.PropertiesHandling.<init>(PropertiesHandling.java:18)
at com.automation.orangehrm.login.JobSubModuleTest.start(JobSubModuleTest.java:28)
at com.automation.orangehrm.login.NewLogin.start(NewLogin.java:20)
at java.base/java.util.ArrayList.forEach(ArrayList.java:1511)
Caused by: java.io.FileNotFoundException: C:\automationmaven\target\config.properties (The system cannot find the file specified)
at java.base/java.io.FileInputStream.open0(Native Method)
at java.base/java.io.FileInputStream.open(FileInputStream.java:216)
at java.base/java.io.FileInputStream.<init>(FileInputStream.java:157)
at java.base/java.io.FileInputStream.<init>(FileInputStream.java:111)
at com.autamation.utility.PropertiesHandling.<init>(PropertiesHandling.java:13)
... 26 more
... Removed 23 stack frames]]>
    </failure>
  </testcase> <!-- @BeforeClass start -->
  <testcase classname="com.automation.orangehrm.login.NewLogin" name="verify" time="0.0">
    <skipped/>
  </testcase> <!-- verify -->
</testsuite> <!-- Test -->
