<?xml version="1.0" encoding="UTF-8"?>
<!-- Generated by org.testng.reporters.JUnitXMLReporter -->
<testsuite ignored="0" hostname="LAPTOP-FG3T3EU0" failures="0" tests="5" name="Test" time="0.122" errors="0" timestamp="2023-03-14T17:25:42 IST">
  <testcase classname="com.automation.qa.NewTest" name="f" time="0.006"/>
  <testcase classname="com.automation.qa.Test1" name="test1" time="0.004"/>
  <testcase classname="com.automation.qa.Test1" name="test2" time="0.005"/>
  <testcase classname="com.automation.qa.Test2" name="Test3" time="0.004"/>
  <testcase classname="com.automation.qa.Test2" name="Test4" time="0.005"/>
</testsuite> <!-- Test -->
